2023-12-25 13:32:19,268 - INFO - Temprature Controller, Start
2023-12-25 13:32:32,139 - INFO - Temprature Controller, Stop
2023-12-25 14:04:45,550 - INFO - Temprature Controller, Start
2023-12-25 14:22:13,916 - INFO - Temprature Controller, Stop
2023-12-25 14:22:27,650 - INFO - Temprature Controller, Start
2023-12-25 15:17:36,557 - INFO - Temprature Controller, Stop
2023-12-25 15:17:43,546 - INFO - Temprature Controller, Start
2023-12-25 15:22:34,483 - INFO - Temprature Controller Auto Measure Cooling Capacity, Start
2023-12-25 15:23:31,961 - INFO - Temprature Controller Auto Measure Cooling Capacity, Start
2023-12-25 16:03:32,026 - INFO - Temprature Controller Auto Measure Cooling Capacity, Stop
2023-12-25 20:25:25,308 - INFO - Temprature Controller, Stop
2023-12-25 22:29:59,809 - INFO - Temprature Controller, Start
2023-12-25 22:30:47,442 - INFO - Temprature Controller, Stop
2023-12-25 22:31:40,836 - INFO - Temprature Controller, Start
2023-12-25 22:32:01,793 - INFO - Temprature Controller, Start
2023-12-25 22:32:16,496 - INFO - Temprature Controller, Stop
2023-12-25 22:32:28,454 - INFO - Temprature Controller, Start
2023-12-25 22:33:48,673 - INFO - Temprature Controller, Start
2023-12-25 22:34:35,913 - INFO - Temprature Controller, Start
2023-12-25 22:35:46,077 - INFO - Temprature Controller, Stop
2023-12-25 22:45:59,823 - INFO - Temprature Controller, Start
2023-12-25 22:46:13,811 - INFO - Temprature Controller, Stop
2023-12-25 22:47:11,139 - INFO - Temprature Controller, Start
2023-12-25 22:47:26,006 - INFO - Temprature Controller, Stop
2023-12-25 22:48:04,638 - INFO - Temprature Controller, Start
2023-12-25 22:48:12,815 - INFO - Temprature Controller, Stop
2023-12-25 22:48:39,679 - INFO - Temprature Controller, Start
2023-12-25 22:48:48,339 - INFO - Temprature Controller, Stop
2023-12-25 22:48:54,617 - INFO - Temprature Controller, Start
2023-12-25 22:49:52,802 - INFO - Temprature Controller, Stop
2023-12-25 22:55:11,111 - INFO - Temprature Controller, Start
2023-12-26 09:17:23,586 - INFO - Temprature Controller, Stop
2023-12-26 09:18:53,519 - INFO - Temprature Controller, Start
2023-12-26 09:20:02,313 - INFO - Temprature Controller, Stop
2023-12-26 09:21:58,117 - INFO - Temprature Controller, Start
2023-12-26 09:23:23,786 - INFO - Temprature Controller, Start
2023-12-26 09:23:55,392 - INFO - Temprature Controller, Stop
2023-12-26 09:24:04,196 - INFO - Temprature Controller, Start
2023-12-26 10:37:55,265 - INFO - Ion Gauge, Start
2023-12-26 10:38:12,735 - INFO - Ion Gauge, Stop
2023-12-26 10:38:18,647 - INFO - Ion Gauge, Start
2023-12-26 10:38:41,981 - INFO - Ion Gauge, Stop
2023-12-26 10:39:25,514 - INFO - Ion Gauge, Start
2023-12-26 10:39:35,921 - INFO - Ion Gauge, Stop
2023-12-26 10:39:50,307 - INFO - Ion Gauge, Start
2023-12-26 10:40:12,246 - INFO - Ion Gauge, Stop
2023-12-26 10:40:23,056 - INFO - Ion Gauge, Start
2023-12-26 10:40:34,421 - INFO - Ion Gauge, Stop
2023-12-26 10:44:13,675 - INFO - Ion Gauge, Start
2023-12-26 11:12:22,284 - INFO - DeepVNA, Start
2023-12-26 11:13:45,230 - INFO - DeepVNA, Stop
2023-12-26 11:14:02,348 - INFO - DeepVNA, Start
2023-12-26 11:14:33,280 - INFO - DeepVNA, Stop
2023-12-26 11:14:48,148 - INFO - DeepVNA, Start
2023-12-26 14:21:48,511 - INFO - Helium Stabilizer, Start
2023-12-26 14:21:55,264 - INFO - Helium Stabilizer, Stop
2023-12-26 14:25:02,330 - INFO - Ion Gauge, Stop
2023-12-26 14:25:19,101 - INFO - DeepVNA, Stop
2023-12-26 14:25:36,078 - INFO - Stop, Temprature Controller
2023-12-26 14:26:27,428 - INFO - Temprature Controller, Start
2023-12-26 14:37:16,044 - INFO - Ion Gauge, Start
2023-12-26 16:54:40,754 - INFO - DL7, Start
2023-12-26 16:54:56,988 - INFO - DL7, Stop
2023-12-26 17:06:07,227 - INFO - Ion Gauge, Stop
2023-12-26 17:06:13,599 - INFO - Temprature Controller, Stop
2023-12-26 22:31:00,346 - INFO - Temprature Controller, Start
2023-12-26 22:31:25,565 - INFO - Temprature Controller, Stop
2023-12-26 22:38:42,686 - INFO - Temprature Controller, Start
2023-12-26 22:38:49,945 - INFO - Temprature Controller, Stop
2023-12-26 23:55:41,704 - INFO - Temprature Controller, Start
2023-12-26 23:55:54,275 - INFO - Ion Gauge, Start
2023-12-26 23:56:08,425 - INFO - Helium Stabilizer, Start
2023-12-26 23:56:21,235 - INFO - DL7, Start
2023-12-26 23:56:42,228 - INFO - DeepVNA, Start
2023-12-26 23:57:06,302 - INFO - DeepVNA, Stop
2023-12-26 23:57:07,864 - INFO - DL7, Stop
2023-12-26 23:57:09,262 - INFO - Helium Stabilizer, Stop
2023-12-26 23:57:10,714 - INFO - Ion Gauge, Stop
2023-12-26 23:57:12,338 - INFO - Temprature Controller, Stop
2023-12-27 00:15:29,907 - INFO - Ion Gauge, Start
2023-12-27 00:15:48,010 - INFO - Ion Gauge, Stop
2023-12-27 00:23:30,012 - INFO - Ion Gauge, Start
2023-12-27 00:23:39,115 - INFO - Ion Gauge, Stop
2023-12-27 00:25:48,044 - INFO - DeepVNA, Start
2023-12-27 00:26:03,010 - INFO - DeepVNA, Stop
2023-12-27 00:26:07,231 - INFO - DL7, Start
2023-12-27 00:26:09,800 - INFO - DL7, Stop
2023-12-27 00:26:14,156 - INFO - Helium Stabilizer, Start
2023-12-27 00:26:20,600 - INFO - Helium Stabilizer, Stop
2023-12-27 00:26:24,519 - INFO - Ion Gauge, Start
2023-12-27 00:26:30,621 - INFO - Ion Gauge, Stop
2023-12-27 00:26:38,820 - INFO - Temprature Controller, Start
2023-12-27 00:26:42,431 - INFO - Temprature Controller, Stop
2023-12-27 00:31:31,659 - INFO - DL7, Start
2023-12-27 00:31:34,768 - INFO - DL7, Stop
2023-12-27 00:53:06,439 - INFO - DeepVNA, Start
2023-12-27 00:53:29,405 - INFO - DeepVNA, Stop
2023-12-27 00:53:31,820 - INFO - DL7, Start
2023-12-27 00:53:34,860 - INFO - DL7, Stop
2023-12-27 00:53:36,252 - INFO - Helium Stabilizer, Start
2023-12-27 00:53:40,510 - INFO - Helium Stabilizer, Stop
2023-12-27 00:53:41,930 - INFO - Ion Gauge, Start
2023-12-27 00:53:44,691 - INFO - Ion Gauge, Stop
2023-12-27 00:53:46,670 - INFO - Temprature Controller, Start
2023-12-27 00:53:49,089 - INFO - Temprature Controller, Stop
